<?xml version="1.0" encoding="UTF-8"?>
<coverage generated="1567584686513" clover="3.2.0">
  <project timestamp="1567584686513" name="All files">
    <metrics statements="3" coveredstatements="3" conditionals="2" coveredconditionals="1" methods="1" coveredmethods="1" elements="6" coveredelements="5" complexity="0" loc="3" ncloc="3" packages="1" files="1" classes="1"/>
    <file name="gatsby-node.js" path="/workspaces/gatsby-wordpress-reading-time/src/gatsby-node.js">
      <metrics statements="3" coveredstatements="3" conditionals="2" coveredconditionals="1" methods="1" coveredmethods="1"/>
      <line num="4" count="1" type="stmt"/>
      <line num="5" count="1" type="cond" truecount="1" falsecount="1"/>
      <line num="6" count="1" type="stmt"/>
    </file>
  </project>
</coverage>
