{"/workspaces/gatsby-wordpress-reading-time/src/gatsby-node.js": {"path":"/workspaces/gatsby-wordpress-reading-time/src/gatsby-node.js","statementMap":{"0":{"start":{"line":4,"column":30},"end":{"line":4,"column":37}},"1":{"start":{"line":5,"column":2},"end":{"line":11,"column":3}},"2":{"start":{"line":6,"column":4},"end":{"line":10,"column":7}}},"fnMap":{"0":{"name":"onCreateNode","decl":{"start":{"line":3,"column":16},"end":{"line":3,"column":28}},"loc":{"start":{"line":3,"column":48},"end":{"line":12,"column":1}},"line":3}},"branchMap":{"0":{"loc":{"start":{"line":5,"column":2},"end":{"line":11,"column":3}},"type":"if","locations":[{"start":{"line":5,"column":2},"end":{"line":11,"column":3}},{"start":{"line":5,"column":2},"end":{"line":11,"column":3}}],"line":5}},"s":{"0":1,"1":1,"2":1},"f":{"0":1},"b":{"0":[1,0]},"_coverageSchema":"43e27e138ebf9cfc5966b082cf9a028302ed4184","hash":"89f43365c314b8d5942cc6b00917e44c6c85e040"}
}
